<?xml version="1.0" encoding="UTF-8"?>
<testng-results ignored="0" total="2" passed="2" failed="0" skipped="0">
  <reporter-output>
  </reporter-output>
  <suite started-at="2023-01-21T16:32:34 IST" name="Default suite" finished-at="2023-01-21T16:32:48 IST" duration-ms="13584">
    <groups>
    </groups>
    <test started-at="2023-01-21T16:32:34 IST" name="Default test" finished-at="2023-01-21T16:32:48 IST" duration-ms="13584">
      <class name="com.banikngproject.LoginPage.LoginPageTest">
        <test-method is-config="true" signature="setUp()[pri:0, instance:com.banikngproject.LoginPage.LoginPageTest@1ed6388a]" started-at="2023-01-21T16:32:35 IST" name="setUp" finished-at="2023-01-21T16:32:43 IST" duration-ms="8549" status="PASS">
          <reporter-output>
          </reporter-output>
        </test-method> <!-- setUp -->
        <test-method signature="testTitle()[pri:0, instance:com.banikngproject.LoginPage.LoginPageTest@1ed6388a]" started-at="2023-01-21T16:32:43 IST" name="testTitle" finished-at="2023-01-21T16:32:43 IST" duration-ms="34" status="PASS">
          <reporter-output>
          </reporter-output>
        </test-method> <!-- testTitle -->
        <test-method is-config="true" signature="tearDown()[pri:0, instance:com.banikngproject.LoginPage.LoginPageTest@1ed6388a]" started-at="2023-01-21T16:32:43 IST" name="tearDown" finished-at="2023-01-21T16:32:43 IST" duration-ms="176" status="PASS">
          <reporter-output>
          </reporter-output>
        </test-method> <!-- tearDown -->
        <test-method is-config="true" signature="setUp()[pri:0, instance:com.banikngproject.LoginPage.LoginPageTest@1ed6388a]" started-at="2023-01-21T16:32:43 IST" name="setUp" finished-at="2023-01-21T16:32:48 IST" duration-ms="4653" status="PASS">
          <reporter-output>
          </reporter-output>
        </test-method> <!-- setUp -->
        <test-method signature="testUrl()[pri:0, instance:com.banikngproject.LoginPage.LoginPageTest@1ed6388a]" started-at="2023-01-21T16:32:48 IST" name="testUrl" finished-at="2023-01-21T16:32:48 IST" duration-ms="15" status="PASS">
          <reporter-output>
          </reporter-output>
        </test-method> <!-- testUrl -->
        <test-method is-config="true" signature="tearDown()[pri:0, instance:com.banikngproject.LoginPage.LoginPageTest@1ed6388a]" started-at="2023-01-21T16:32:48 IST" name="tearDown" finished-at="2023-01-21T16:32:48 IST" duration-ms="112" status="PASS">
          <reporter-output>
          </reporter-output>
        </test-method> <!-- tearDown -->
      </class> <!-- com.banikngproject.LoginPage.LoginPageTest -->
    </test> <!-- Default test -->
  </suite> <!-- Default suite -->
</testng-results>
